[0m2021.07.23 10:45:20 INFO  Started: Metals version 0.10.5 in workspace '/mnt/c/Users/Alejandro/haoyi/static-site-generator' for client Visual Studio Code 1.58.0.[0m
[0m2021.07.23 10:45:20 INFO  time: initialize in 0.56s[0m
[0m2021.07.23 10:45:20 WARN  Build server is not auto-connectable.[0m
[0m2021.07.23 10:45:20 WARN  no build tool detected in workspace '/mnt/c/Users/Alejandro/haoyi/static-site-generator'. The most common cause for this problem is that the editor was opened in the wrong working directory, for example if you use sbt then the workspace directory should contain build.sbt. [0m
[0m2021.07.23 10:45:20 WARN  no build target for: /mnt/c/Users/Alejandro/haoyi/static-site-generator/Blog.sc[0m
[0m2021.07.23 10:45:24 INFO  no build target: using presentation compiler with only scala-library: 2.12.14[0m
[0m2021.07.23 10:45:27 INFO  time: code lens generation in 5.11s[0m
Jul 23, 2021 10:46:39 AM org.eclipse.lsp4j.jsonrpc.RemoteEndpoint handleCancellation
WARNING: Unmatched cancel notification for request id 7
[0m2021.07.23 10:46:39 WARN  no build target for: /mnt/c/Users/Alejandro/haoyi/static-site-generator/build.sc[0m
Jul 23, 2021 10:46:39 AM org.eclipse.lsp4j.jsonrpc.RemoteEndpoint handleNotification
WARNING: Notification threw an exception: {
  "jsonrpc": "2.0",
  "method": "workspace/didChangeWatchedFiles",
  "params": {
    "changes": [
      {
        "uri": "file:///mnt/c/Users/Alejandro/haoyi/static-site-generator/build.sc",
        "type": 1
      },
      {
        "uri": "file:///mnt/c/Users/Alejandro/haoyi/static-site-generator/Blog.sc",
        "type": 3
      }
    ]
  }
}
java.lang.RuntimeException: java.lang.reflect.InvocationTargetException
	at org.eclipse.lsp4j.jsonrpc.services.GenericEndpoint.lambda$null$0(GenericEndpoint.java:67)
	at org.eclipse.lsp4j.jsonrpc.services.GenericEndpoint.notify(GenericEndpoint.java:152)
	at org.eclipse.lsp4j.jsonrpc.RemoteEndpoint.handleNotification(RemoteEndpoint.java:220)
	at org.eclipse.lsp4j.jsonrpc.RemoteEndpoint.consume(RemoteEndpoint.java:187)
	at org.eclipse.lsp4j.jsonrpc.json.StreamMessageProducer.handleMessage(StreamMessageProducer.java:194)
	at org.eclipse.lsp4j.jsonrpc.json.StreamMessageProducer.listen(StreamMessageProducer.java:94)
	at org.eclipse.lsp4j.jsonrpc.json.ConcurrentMessageProcessor.run(ConcurrentMessageProcessor.java:113)
	at java.util.concurrent.Executors$RunnableAdapter.call(Executors.java:511)
	at java.util.concurrent.FutureTask.run(FutureTask.java:266)
	at java.util.concurrent.ThreadPoolExecutor.runWorker(ThreadPoolExecutor.java:1149)
	at java.util.concurrent.ThreadPoolExecutor$Worker.run(ThreadPoolExecutor.java:624)
	at java.lang.Thread.run(Thread.java:748)
Caused by: java.lang.reflect.InvocationTargetException
	at sun.reflect.NativeMethodAccessorImpl.invoke0(Native Method)
	at sun.reflect.NativeMethodAccessorImpl.invoke(NativeMethodAccessorImpl.java:62)
	at sun.reflect.DelegatingMethodAccessorImpl.invoke(DelegatingMethodAccessorImpl.java:43)
	at java.lang.reflect.Method.invoke(Method.java:498)
	at org.eclipse.lsp4j.jsonrpc.services.GenericEndpoint.lambda$null$0(GenericEndpoint.java:65)
	... 11 more
Caused by: java.nio.file.NoSuchFileException: /mnt/c/Users/Alejandro/haoyi/static-site-generator/Blog.sc
	at sun.nio.fs.UnixException.translateToIOException(UnixException.java:86)
	at sun.nio.fs.UnixException.rethrowAsIOException(UnixException.java:102)
	at sun.nio.fs.UnixException.rethrowAsIOException(UnixException.java:107)
	at sun.nio.fs.UnixFileSystemProvider.newByteChannel(UnixFileSystemProvider.java:214)
	at java.nio.file.Files.newByteChannel(Files.java:361)
	at java.nio.file.Files.newByteChannel(Files.java:407)
	at java.nio.file.Files.readAllBytes(Files.java:3152)
	at scala.meta.internal.io.PlatformFileIO$.slurp(PlatformFileIO.scala:45)
	at scala.meta.internal.io.FileIO$.slurp(FileIO.scala:24)
	at scala.meta.internal.metals.MetalsLanguageServer.$anonfun$onChange$1(MetalsLanguageServer.scala:1278)
	at scala.meta.internal.metals.MetalsLanguageServer.$anonfun$onChange$1$adapted(MetalsLanguageServer.scala:1277)
	at scala.collection.immutable.Stream.foreach(Stream.scala:533)
	at scala.meta.internal.metals.MetalsLanguageServer.onChange(MetalsLanguageServer.scala:1277)
	at scala.meta.internal.metals.MetalsLanguageServer.didChangeWatchedFiles(MetalsLanguageServer.scala:1229)
	... 16 more

[0m2021.07.23 10:47:02 WARN  no build target for: /mnt/c/Users/Alejandro/haoyi/static-site-generator/build.sc[0m
Jul 23, 2021 10:59:47 AM org.eclipse.lsp4j.jsonrpc.RemoteEndpoint handleCancellation
WARNING: Unmatched cancel notification for request id 1187
Jul 23, 2021 10:59:47 AM org.eclipse.lsp4j.jsonrpc.RemoteEndpoint fallbackResponseError
SEVERE: Internal error: scala.reflect.internal.Symbols$CyclicReference: illegal cyclic reference involving object Main
java.util.concurrent.CompletionException: scala.reflect.internal.Symbols$CyclicReference: illegal cyclic reference involving object Main
	at java.util.concurrent.CompletableFuture.encodeThrowable(CompletableFuture.java:273)
	at java.util.concurrent.CompletableFuture.completeThrowable(CompletableFuture.java:280)
	at java.util.concurrent.CompletableFuture.uniAccept(CompletableFuture.java:673)
	at java.util.concurrent.CompletableFuture$UniAccept.tryFire(CompletableFuture.java:646)
	at java.util.concurrent.CompletableFuture.postComplete(CompletableFuture.java:488)
	at java.util.concurrent.CompletableFuture.complete(CompletableFuture.java:1975)
	at scala.meta.internal.metals.CancelTokens$.$anonfun$future$1(CancelTokens.scala:42)
	at scala.meta.internal.metals.CancelTokens$.$anonfun$future$1$adapted(CancelTokens.scala:38)
	at scala.concurrent.impl.CallbackRunnable.run(Promise.scala:64)
	at java.util.concurrent.ThreadPoolExecutor.runWorker(ThreadPoolExecutor.java:1149)
	at java.util.concurrent.ThreadPoolExecutor$Worker.run(ThreadPoolExecutor.java:624)
	at java.lang.Thread.run(Thread.java:748)
Caused by: scala.reflect.internal.Symbols$CyclicReference: illegal cyclic reference involving object Main

Jul 23, 2021 10:59:47 AM org.eclipse.lsp4j.jsonrpc.RemoteEndpoint fallbackResponseError
SEVERE: Internal error: scala.reflect.internal.Symbols$CyclicReference: illegal cyclic reference involving object Main
java.util.concurrent.CompletionException: scala.reflect.internal.Symbols$CyclicReference: illegal cyclic reference involving object Main
	at java.util.concurrent.CompletableFuture.encodeThrowable(CompletableFuture.java:273)
	at java.util.concurrent.CompletableFuture.completeThrowable(CompletableFuture.java:280)
	at java.util.concurrent.CompletableFuture.uniAccept(CompletableFuture.java:673)
	at java.util.concurrent.CompletableFuture$UniAccept.tryFire(CompletableFuture.java:646)
	at java.util.concurrent.CompletableFuture.postComplete(CompletableFuture.java:488)
	at java.util.concurrent.CompletableFuture.complete(CompletableFuture.java:1975)
	at scala.meta.internal.metals.CancelTokens$.$anonfun$future$1(CancelTokens.scala:42)
	at scala.meta.internal.metals.CancelTokens$.$anonfun$future$1$adapted(CancelTokens.scala:38)
	at scala.concurrent.impl.CallbackRunnable.run(Promise.scala:64)
	at java.util.concurrent.ThreadPoolExecutor.runWorker(ThreadPoolExecutor.java:1149)
	at java.util.concurrent.ThreadPoolExecutor$Worker.run(ThreadPoolExecutor.java:624)
	at java.lang.Thread.run(Thread.java:748)
Caused by: scala.reflect.internal.Symbols$CyclicReference: illegal cyclic reference involving object Main

[0m2021.07.23 11:04:44 WARN  no build target for: /mnt/c/Users/Alejandro/haoyi/static-site-generator/build.sc[0m
[0m2021.07.23 11:11:49 WARN  no build target for: /mnt/c/Users/Alejandro/haoyi/static-site-generator/build.sc[0m
[0m2021.07.23 11:31:46 WARN  no build target for: /mnt/c/Users/Alejandro/haoyi/static-site-generator/build.sc[0m
[0m2021.07.23 11:40:39 WARN  no build target for: /mnt/c/Users/Alejandro/haoyi/static-site-generator/build.sc[0m
[0m2021.07.23 11:44:23 WARN  no build target for: /mnt/c/Users/Alejandro/haoyi/static-site-generator/build.sc[0m
[0m2021.07.23 11:44:54 WARN  no build target for: /mnt/c/Users/Alejandro/haoyi/static-site-generator/build.sc[0m
[0m2021.07.23 12:04:15 WARN  no build target for: /mnt/c/Users/Alejandro/haoyi/static-site-generator/build.sc[0m
[0m2021.07.23 12:04:40 WARN  no build target for: /mnt/c/Users/Alejandro/haoyi/static-site-generator/build.sc[0m
[0m2021.07.23 13:45:32 WARN  no build target for: /mnt/c/Users/Alejandro/haoyi/static-site-generator/build.sc[0m
[0m2021.07.23 13:46:12 WARN  no build target for: /mnt/c/Users/Alejandro/haoyi/static-site-generator/build.sc[0m
[0m2021.07.23 13:46:12 INFO  skipping build import with status 'Dismissed'[0m
Jul 23, 2021 1:47:44 PM org.eclipse.lsp4j.jsonrpc.RemoteEndpoint handleCancellation
WARNING: Unmatched cancel notification for request id 3268
Jul 23, 2021 1:47:44 PM org.eclipse.lsp4j.jsonrpc.RemoteEndpoint handleCancellation
WARNING: Unmatched cancel notification for request id 3270
Jul 23, 2021 1:47:47 PM org.eclipse.lsp4j.jsonrpc.RemoteEndpoint handleCancellation
WARNING: Unmatched cancel notification for request id 3286
[0m2021.07.23 13:48:14 WARN  no build target for: /mnt/c/Users/Alejandro/haoyi/static-site-generator/build.sc[0m
[0m2021.07.23 13:50:57 WARN  no build target for: /mnt/c/Users/Alejandro/haoyi/static-site-generator/build.sc[0m
[0m2021.07.23 13:50:57 INFO  skipping build import with status 'Requested'[0m
